<?xml version="1.0" encoding="UTF-8"?>
<testsuite xmlns:xsi="http://www.w3.org/2001/XMLSchema-instance" xsi:noNamespaceSchemaLocation="https://maven.apache.org/surefire/maven-surefire-plugin/xsd/surefire-test-report.xsd" version="3.0.2" name="com.enterprise.catalog.service.SupplierServiceTest" time="0.178" tests="3" errors="0" skipped="0" failures="0">
  <properties>
[...]
</properties>
  <testcase name="rejectsSupplierWithoutRequiredValues" classname="com.enterprise.catalog.service.SupplierServiceTest" time="0.132"/>
  <testcase name="rejectsDuplicateTaxId" classname="com.enterprise.catalog.service.SupplierServiceTest" time="0.011"/>
  <testcase name="createsSupplierWithTrimmedValues" classname="com.enterprise.catalog.service.SupplierServiceTest" time="0.029"/>
</testsuite>